<?xml version="1.0" encoding="utf-8"?><testsuites name="pytest tests"><testsuite name="pytest" errors="0" failures="0" skipped="0" tests="15" time="3.527" timestamp="2026-04-14T14:44:29.580474+00:00" hostname="agent-env-0b8d2932-6627-4df2-ad7e-07967b5324b4"><testcase classname="backend.tests.test_punchlist.TestHealth" name="test_api_root" time="0.138" /><testcase classname="backend.tests.test_punchlist.TestHealth" name="test_public_settings" time="0.052" /><testcase classname="backend.tests.test_punchlist.TestAuth" name="test_login_crew" time="0.296" /><testcase classname="backend.tests.test_punchlist.TestAuth" name="test_login_contractor" time="0.274" /><testcase classname="backend.tests.test_punchlist.TestAuth" name="test_login_admin" time="0.274" /><testcase classname="backend.tests.test_punchlist.TestAuth" name="test_login_superadmin" time="0.267" /><testcase classname="backend.tests.test_punchlist.TestAuth" name="test_login_invalid_credentials" time="0.049" /><testcase classname="backend.tests.test_punchlist.TestAuth" name="test_get_me_crew" time="0.320" /><testcase classname="backend.tests.test_punchlist.TestAuth" name="test_get_me_no_token" time="0.050" /><testcase classname="backend.tests.test_punchlist.TestJobs" name="test_list_jobs_authenticated" time="0.329" /><testcase classname="backend.tests.test_punchlist.TestJobs" name="test_list_jobs_unauthenticated" time="0.043" /><testcase classname="backend.tests.test_punchlist.TestJobs" name="test_contractor_can_post_job" time="0.410" /><testcase classname="backend.tests.test_punchlist.TestJobs" name="test_crew_cannot_post_job" time="0.317" /><testcase classname="backend.tests.test_punchlist.TestAdmin" name="test_admin_list_users" time="0.317" /><testcase classname="backend.tests.test_punchlist.TestAdmin" name="test_crew_cannot_access_admin" time="0.312" /></testsuite></testsuites>